Sat Jun  1 22:59:29 2024 :: Initializing Lua
Sat Jun  1 22:59:29 2024 :: Booting Database
 0 0 0 0 0 0 0 0 0 0 0 0 0 0 0 0 0 0 0 0 0 0 0 0 0 0 0 0 0 0 0 0
Sat Jun  1 22:59:29 2024 :: [*****] BOOT: ---------------------[ Boot Log ]--------------------
Sat Jun  1 22:59:29 2024 :: Loading commands
Sat Jun  1 22:59:29 2024 :: Loading sysdata configuration...
Sat Jun  1 22:59:29 2024 :: [*****] BUG: Fread_sysdata: no match: Rent
Sat Jun  1 22:59:29 2024 :: [*****] BUG: Fread_sysdata: no match: 0
Sat Jun  1 22:59:29 2024 :: Loading socials
Sat Jun  1 22:59:29 2024 :: Loading skill table
Sat Jun  1 22:59:29 2024 :: Sorting skill table...
Sat Jun  1 22:59:29 2024 :: Remapping slots to sns
Sat Jun  1 22:59:29 2024 :: Loading classes
Sat Jun  1 22:59:29 2024 :: Loading races
Sat Jun  1 22:59:29 2024 :: Loading liquids
Sat Jun  1 22:59:29 2024 :: Loading mixtures
Sat Jun  1 22:59:29 2024 :: Loading herb table
Sat Jun  1 22:59:29 2024 :: Loading tongues
Sat Jun  1 22:59:29 2024 :: Making wizlist
Sat Jun  1 22:59:29 2024 :: Initializing random number generator
Sat Jun  1 22:59:29 2024 :: Setting time and weather
Sat Jun  1 22:59:29 2024 :: Assigning gsn's
ASSIGN_GSN: Skill craft not found.
ASSIGN_GSN: Skill grind not found.
ASSIGN_GSN: Skill polish not found.
Sat Jun  1 22:59:29 2024 :: Reading in area files...
(help.are)
Sat Jun  1 22:59:29 2024 :: Loading new economy
universe.are  : Rooms: 29000 - 30000 Objs: 29000 - 30000 Mobs: 29000 - 30000
Sat Jun  1 22:59:29 2024 :: Loading new economy
limbo.are     : Rooms:     1 - 99    Objs:     2 - 99    Mobs:     1 - 99
Sat Jun  1 22:59:29 2024 :: Loading new economy
templearea.are: Rooms:  3656 - 3800  Objs:  3656 - 3800  Mobs:  3651 - 3800
Sat Jun  1 22:59:29 2024 :: Loading new economy
drazuni.are   : Rooms: 10300 - 10499 Objs: 10300 - 10499 Mobs: 10300 - 10499
Sat Jun  1 22:59:29 2024 :: Loading new economy
drazville.are : Rooms: 21010 - 21500 Objs: 21011 - 21500 Mobs: 21001 - 21500
Sat Jun  1 22:59:29 2024 :: Loading new economy
eldforest.are : Rooms: 16000 - 16200 Objs: 16000 - 16200 Mobs: 16000 - 16200
Sat Jun  1 22:59:29 2024 :: Loading new economy
hchurch.are   : Rooms: 15000 - 15350 Objs: 15000 - 15350 Mobs: 15000 - 15350
Sat Jun  1 22:59:29 2024 :: Loading new economy
southroad.are : Rooms:   201 - 300   Objs:   201 - 300   Mobs:   201 - 300
Sat Jun  1 22:59:29 2024 :: Loading new economy
mtpass.are    : Rooms:   101 - 200   Objs:   101 - 200   Mobs:   101 - 200
Sat Jun  1 22:59:29 2024 :: Loading new economy
bladegrass.are: Rooms:  1001 - 1200  Objs:  1001 - 1200  Mobs:  1001 - 1200
Sat Jun  1 22:59:29 2024 :: Loading new economy
koboldcav.are : Rooms:  1201 - 1300  Objs:  1201 - 1300  Mobs:  1201 - 1300
Sat Jun  1 22:59:29 2024 :: Loading new economy
talondes.are  : Rooms:  1301 - 1500  Objs:  1301 - 1500  Mobs:  1301 - 1500
Sat Jun  1 22:59:29 2024 :: Loading new economy
glitcave.are  : Rooms:  1501 - 1600  Objs:  1501 - 1600  Mobs:  1501 - 1600
Sat Jun  1 22:59:29 2024 :: Loading new economy
greenpath.are : Rooms:   301 - 400   Objs:   301 - 400   Mobs:   301 - 400
Sat Jun  1 22:59:29 2024 :: Loading new economy
elenolos.are  : Rooms:  1601 - 1700  Objs:  1601 - 1700  Mobs:  1601 - 1700
Sat Jun  1 22:59:29 2024 :: Loading new economy
sea.are       : Rooms:  3001 - 3500  Objs:  3001 - 3500  Mobs:  3001 - 3500
Sat Jun  1 22:59:29 2024 :: Loading new economy
eareska.are   : Rooms:  1701 - 1800  Objs:  1701 - 1800  Mobs:  1701 - 1800
Sat Jun  1 22:59:29 2024 :: Loading new economy
bubblebog.are : Rooms:  1801 - 2000  Objs:  1801 - 2000  Mobs:  1801 - 2000
Sat Jun  1 22:59:29 2024 :: Loading new economy
tyrybblyn.are : Rooms:  2001 - 2150  Objs:  2001 - 2150  Mobs:  2001 - 2150
Sat Jun  1 22:59:29 2024 :: Loading new economy
underhill.are : Rooms:   401 - 499   Objs:   401 - 499   Mobs:   401 - 499
Sat Jun  1 22:59:29 2024 :: Loading new economy
spidforest.are: Rooms:   501 - 600   Objs:   501 - 600   Mobs:   501 - 600
Sat Jun  1 22:59:29 2024 :: Loading new economy
coralreef.are : Rooms:   601 - 650   Objs:   601 - 650   Mobs:   601 - 650
Sat Jun  1 22:59:29 2024 :: Loading new economy
plainsroad.are: Rooms:   701 - 800   Objs:   701 - 800   Mobs:   701 - 800
Sat Jun  1 22:59:29 2024 :: Loading new economy
boulderpass.are: Rooms:   801 - 950   Objs:   801 - 950   Mobs:   801 - 950
Sat Jun  1 22:59:29 2024 :: Loading new economy
ugrove.are    : Rooms:  4001 - 4100  Objs:  4001 - 4100  Mobs:  4001 - 4100
Sat Jun  1 22:59:29 2024 :: Loading new economy
flowergarden.are: Rooms:   651 - 700   Objs:   651 - 700   Mobs:   651 - 700
Sat Jun  1 22:59:29 2024 :: Loading new economy
huntground.are: Rooms:  2151 - 2250  Objs:  2151 - 2250  Mobs:  2151 - 2250
Sat Jun  1 22:59:29 2024 :: Loading new economy
toadstool.are : Rooms:   951 - 1000  Objs:   951 - 1000  Mobs:   951 - 1000
Sat Jun  1 22:59:29 2024 :: Loading new economy
ironholde.are : Rooms:  2251 - 2350  Objs:  2251 - 2350  Mobs:  2251 - 2350
Sat Jun  1 22:59:29 2024 :: Loading new economy
trialspain.are: Rooms: 14101 - 14300 Objs: 14102 - 14300 Mobs: 14101 - 14300
Sat Jun  1 22:59:29 2024 :: Loading new economy
clouds.are    : Rooms:  3801 - 3850  Objs:  3801 - 3850  Mobs:  3801 - 3850
Sat Jun  1 22:59:29 2024 :: Loading new economy
smokecaves.are: Rooms:  2351 - 2400  Objs:  2351 - 2400  Mobs:  2351 - 2400
Sat Jun  1 22:59:29 2024 :: Loading new economy
ihmines.are   : Rooms:  3851 - 3900  Objs:  3851 - 3900  Mobs:  3851 - 3900
Sat Jun  1 22:59:29 2024 :: Loading new economy
eastoasis.are : Rooms:  3901 - 4000  Objs:  3901 - 4000  Mobs:  3901 - 4000
Sat Jun  1 22:59:29 2024 :: Loading new economy
deepjungle.are: Rooms:  4101 - 4200  Objs:  4101 - 4200  Mobs:  4101 - 4200
Sat Jun  1 22:59:29 2024 :: Loading new economy
thornthiket.are: Rooms:  2401 - 2450  Objs:  2401 - 2450  Mobs:  2401 - 2450
Sat Jun  1 22:59:29 2024 :: Loading new economy
fangtemple.are: Rooms:  2451 - 2500  Objs:  2451 - 2500  Mobs:  2451 - 2500
Sat Jun  1 22:59:29 2024 :: Loading new economy
flayercaves.are: Rooms:  4201 - 4300  Objs:  4201 - 4300  Mobs:  4201 - 4300
Sat Jun  1 22:59:29 2024 :: Loading new economy
towermanos.are: Rooms:  4301 - 4600  Objs:  4301 - 4600  Mobs:  4301 - 4600
Sat Jun  1 22:59:29 2024 :: Loading new economy
laststand.are : Rooms:  4601 - 4700  Objs:  4601 - 4700  Mobs:  4601 - 4700
Sat Jun  1 22:59:29 2024 :: Loading new economy
srilaxa.are   : Rooms:  9800 - 9950  Objs:  9800 - 9950  Mobs:  9800 - 9950
Sat Jun  1 22:59:29 2024 :: Loading new economy
ancient.are   : Rooms:  9951 - 10100 Objs:  9951 - 10100 Mobs:  9951 - 10100
Sat Jun  1 22:59:29 2024 :: Loading new economy
jellyfish.are : Rooms:  2501 - 2700  Objs:  2501 - 2700  Mobs:  2501 - 2700
Sat Jun  1 22:59:29 2024 :: Loading new economy
desertercamp.are: Rooms:  4701 - 4800  Objs:  4701 - 4800  Mobs:  4701 - 4800
Sat Jun  1 22:59:29 2024 :: Loading new economy
easterncorridor.are: Rooms:  4801 - 4900  Objs:  4801 - 4900  Mobs:  4801 - 4900
Sat Jun  1 22:59:29 2024 :: Loading new economy
sahardin.are  : Rooms:  4901 - 5050  Objs:  4901 - 5050  Mobs:  4901 - 5050
Sat Jun  1 22:59:29 2024 :: Loading new economy
troll.are     : Rooms:  5051 - 5126  Objs:  5051 - 5074  Mobs:  5051 - 5126
Sat Jun  1 22:59:29 2024 :: Loading new economy
opiumroad.are : Rooms:  7000 - 7050  Objs:  7000 - 7050  Mobs:  7000 - 7050
Sat Jun  1 22:59:29 2024 :: Loading new economy
bazabel.are   : Rooms:  6000 - 6250  Objs:  6000 - 6250  Mobs:  6000 - 6250
Sat Jun  1 22:59:29 2024 :: Loading new economy
ageless.are   : Rooms: 14000 - 14100 Objs: 14000 - 14100 Mobs: 14000 - 14100
Sat Jun  1 22:59:29 2024 :: Loading new economy
fort.are      : Rooms:  5150 - 5200  Objs:  5150 - 5200  Mobs:  5150 - 5200
Sat Jun  1 22:59:29 2024 :: Loading new economy
kinter.are    : Rooms: 11000 - 11100 Objs: 11000 - 11100 Mobs: 11000 - 11100
Sat Jun  1 22:59:29 2024 :: Loading new economy
sorrow.are    : Rooms: 11101 - 11151 Objs: 11101 - 11201 Mobs: 11101 - 11122
Sat Jun  1 22:59:29 2024 :: Loading new economy
bear.are      : Rooms:  7051 - 7074  Objs:  7051 - 7056  Mobs:  7051 - 7063
Sat Jun  1 22:59:29 2024 :: Loading new economy
chicken.are   : Rooms:  7101 - 7157  Objs:  7101 - 7107  Mobs:  7101 - 7115
Sat Jun  1 22:59:29 2024 :: Loading new economy
ogrecamp.are  : Rooms:  7201 - 7256  Objs:  7201 - 7228  Mobs:  7201 - 7204
Sat Jun  1 22:59:29 2024 :: Loading new economy
fellowship.are: Rooms:  7301 - 7350  Objs:  7301 - 7400  Mobs:  7301 - 7400
Sat Jun  1 22:59:29 2024 :: Loading new economy
campraid.are  : Rooms:  7401 - 7500  Objs:  7401 - 7500  Mobs:  7401 - 7500
Sat Jun  1 22:59:29 2024 :: Loading new economy
woodlandroute.are: Rooms:  6251 - 6300  Objs:  6251 - 6350  Mobs:  6251 - 6350
Sat Jun  1 22:59:29 2024 :: Loading new economy
fvalley.are   : Rooms:  8300 - 8378  Objs:  8300 - 8310  Mobs:  8300 - 8314
Sat Jun  1 22:59:29 2024 :: Loading new economy
bitterpass.are: Rooms: 10500 - 10599 Objs: 10500 - 10599 Mobs: 10500 - 10599
Sat Jun  1 22:59:29 2024 :: Loading new economy
learei.are    : Rooms:  7601 - 7647  Objs:  7601 - 7613  Mobs:  7601 - 7647
Sat Jun  1 22:59:29 2024 :: Loading new economy
opiumfields.are: Rooms:  7501 - 7600  Objs:  7501 - 7600  Mobs:  7501 - 7600
Sat Jun  1 22:59:29 2024 :: Loading new economy
silver.are    : Rooms:  8201 - 8299  Objs:  8201 - 8299  Mobs:  8201 - 8299
Sat Jun  1 22:59:29 2024 :: Loading new economy
ihra.are      : Rooms:  8401 - 8500  Objs:  8401 - 8500  Mobs:  8401 - 8500
Sat Jun  1 22:59:29 2024 :: Loading new economy
celestial.are : Rooms: 12000 - 12100 Objs: 12000 - 12100 Mobs: 12000 - 12100
Sat Jun  1 22:59:29 2024 :: Loading new economy
templar.are   : Rooms:  8000 - 8100  Objs:  8000 - 8100  Mobs:  8000 - 8100
Sat Jun  1 22:59:29 2024 :: Loading new economy
ships.are     : Rooms:  5201 - 5600  Objs:  5201 - 5600  Mobs:  5201 - 5600
Sat Jun  1 22:59:29 2024 :: Loading new economy
wulftuuf.are  : Rooms: 10101 - 10299 Objs: 10101 - 10299 Mobs: 10101 - 10299
Sat Jun  1 22:59:29 2024 :: Loading new economy
niralis.are   : Rooms: 12101 - 12199 Objs: 12101 - 12123 Mobs: 12101 - 12157
Sat Jun  1 22:59:29 2024 :: Loading new economy
spearfangroad.are: Rooms: 10601 - 10650 Objs: 10601 - 10650 Mobs: 10601 - 10650
Sat Jun  1 22:59:29 2024 :: Loading new economy
bullhornroad.are: Rooms: 10651 - 10750 Objs: 10651 - 10750 Mobs: 10651 - 10750
Sat Jun  1 22:59:29 2024 :: Loading new economy
junglepath.are: Rooms: 10751 - 10800 Objs: 10751 - 10800 Mobs: 10751 - 10800
Sat Jun  1 22:59:29 2024 :: Loading new economy
tenhicoal.are : Rooms: 16201 - 16350 Objs: 16201 - 16300 Mobs: 16201 - 16300
Sat Jun  1 22:59:29 2024 :: Loading new economy
h-unki.are    : Rooms: 14401 - 14500 Objs: 14401 - 14500 Mobs: 14401 - 14500
Sat Jun  1 22:59:29 2024 :: Loading new economy
farmmarket.are: Rooms:  8101 - 8190  Objs:  8101 - 8137  Mobs:  8101 - 8180
Sat Jun  1 22:59:29 2024 :: Loading new economy
daira.are     : Rooms:  5127 - 5145  Objs:  5127 - 5132  Mobs:  5127 - 5130
Sat Jun  1 22:59:29 2024 :: Loading new economy
Sat Jun  1 22:59:29 2024 :: [*****] FILE: gallery.are LINE: 10900
Sat Jun  1 22:59:29 2024 :: [*****] BUG: Get_mob_index: bad vnum 7700.
Sat Jun  1 22:59:29 2024 :: [*****] BOOT: Load_resets: gallery.are (95) 'M': mobile 7700 doesn't exist.
gallery.are   : Rooms:  7648 - 7999  Objs:  7648 - 7999  Mobs:  7648 - 7999
Sat Jun  1 22:59:29 2024 :: Loading new economy
darkheart.are : Rooms:  2901 - 3000  Objs:  2901 - 3000  Mobs:  2901 - 3000
Sat Jun  1 22:59:29 2024 :: Loading new economy
lakemotuco.are: Rooms:  2801 - 2900  Objs:  2801 - 2900  Mobs:  2801 - 2900
Sat Jun  1 22:59:29 2024 :: Loading new economy
Tampaqui.are  : Rooms:  2701 - 2800  Objs:  2701 - 2800  Mobs:  2701 - 2800
Sat Jun  1 22:59:29 2024 :: Loading new economy
antcolony.are : Rooms: 10801 - 10900 Objs: 10801 - 10900 Mobs: 10801 - 10900
Sat Jun  1 22:59:29 2024 :: Loading new economy
beehive.are   : Rooms: 10901 - 10999 Objs: 10901 - 10999 Mobs: 10901 - 10999
Sat Jun  1 22:59:29 2024 :: Loading new economy
Sat Jun  1 22:59:29 2024 :: [*****] FILE: Elysium.are LINE: 138
Sat Jun  1 22:59:29 2024 :: [*****] BUG: Get_room_index: bad vnum 7077.
Sat Jun  1 22:59:29 2024 :: [*****] BOOT: Load_resets: Elysium.are (1) 'O': room 7077 doesn't exist.
Elysium.are   : Rooms:  7075 - 7080  Objs:  7075 - 7080  Mobs:  7075 - 7080
Sat Jun  1 22:59:29 2024 :: Loading new economy
templeofdrazuk.are: Rooms: 21001 - 21009 Objs:     0 - 0     Mobs:     0 - 0
Sat Jun  1 22:59:29 2024 :: Loading new economy
renegades.are : Rooms:  9000 - 9091  Objs:  9000 - 9008  Mobs:  9000 - 9023
Sat Jun  1 22:59:29 2024 :: Fixing exits
Sat Jun  1 22:59:29 2024 :: Loading corpses
Corpse -> ../corpses/Plague
Sat Jun  1 22:59:29 2024 :: Loading slay table
Sat Jun  1 22:59:29 2024 :: Initializing economy
Sat Jun  1 22:59:29 2024 :: Resetting areas...
Sat Jun  1 22:59:29 2024 :: [*****] BUG: gallery.are Reset_area: 'M': bad mob vnum 7700.
Sat Jun  1 22:59:29 2024 :: Loading buildlist
Sat Jun  1 22:59:29 2024 :: ../gods/Cormac
Sat Jun  1 22:59:29 2024 :: ../gods/Fraggle
Sat Jun  1 22:59:29 2024 :: ../gods/Kraxxar
Sat Jun  1 22:59:29 2024 :: ../gods/Pain
Sat Jun  1 22:59:29 2024 :: ../gods/Krom
Sat Jun  1 22:59:29 2024 :: ../gods/Tripper
Sat Jun  1 22:59:29 2024 :: ../gods/Lance
Sat Jun  1 22:59:29 2024 :: Loading boards
Sat Jun  1 22:59:29 2024 :: ../boards/immortal.brd
Sat Jun  1 22:59:29 2024 :: ../boards/highgod.brd
Sat Jun  1 22:59:29 2024 :: ../boards/notes.brd
Sat Jun  1 22:59:29 2024 :: ../boards/carnage.brd
Sat Jun  1 22:59:29 2024 :: ../boards/scion.brd
Sat Jun  1 22:59:29 2024 :: ../boards/blade.brd
Sat Jun  1 22:59:29 2024 :: ../boards/wisdom.brd
Sat Jun  1 22:59:29 2024 :: ../boards/warboard.brd
Sat Jun  1 22:59:29 2024 :: ../boards/hitlist.brd
Sat Jun  1 22:59:29 2024 :: ../boards/brood.brd
Sat Jun  1 22:59:29 2024 :: ../boards/pain
Sat Jun  1 22:59:29 2024 :: [*****] BUG: fread_word: EOF encountered on read.

Sat Jun  1 22:59:29 2024 :: [*****] BUG: read_board: no match: Endÿ
Sat Jun  1 22:59:29 2024 :: ../boards/chwarboard.brd
Sat Jun  1 22:59:29 2024 :: Loading clans
Sat Jun  1 22:59:29 2024 :: Loading clans...
Sat Jun  1 22:59:29 2024 :: druid.gui
Sat Jun  1 22:59:29 2024 :: Storeroom not found
Sat Jun  1 22:59:29 2024 :: warrior.gui
Sat Jun  1 22:59:29 2024 :: Storeroom not found
Sat Jun  1 22:59:29 2024 :: thief.gui
Sat Jun  1 22:59:29 2024 :: Cannot open clan vault
Sat Jun  1 22:59:29 2024 :: cleric.gui
Sat Jun  1 22:59:29 2024 :: Cannot open clan vault
Sat Jun  1 22:59:29 2024 :: mage.gui
Sat Jun  1 22:59:29 2024 :: Cannot open clan vault
Sat Jun  1 22:59:29 2024 :: ranger.gui
Sat Jun  1 22:59:29 2024 :: Storeroom not found
Sat Jun  1 22:59:29 2024 :: carnage.clan
Sat Jun  1 22:59:29 2024 :: Loading clan storage room
Sat Jun  1 22:59:29 2024 :: scions.clan
Sat Jun  1 22:59:29 2024 :: Storeroom not found
Sat Jun  1 22:59:29 2024 :: lex.clan
Sat Jun  1 22:59:29 2024 :: Loading clan storage room
Sat Jun  1 22:59:29 2024 :: [*****] BUG: fread_word: EOF encountered on read.

Sat Jun  1 22:59:29 2024 :: ÿ
Sat Jun  1 22:59:29 2024 :: [*****] BUG: Cannot load clan file: ÿ
Sat Jun  1 22:59:29 2024 :: $
Sat Jun  1 22:59:29 2024 ::  Done clans 
Sat Jun  1 22:59:29 2024 :: Loading councils
Sat Jun  1 22:59:29 2024 :: Loading deities...
Sat Jun  1 22:59:29 2024 :: ../deity/drazuk
Sat Jun  1 22:59:29 2024 :: ../deity/medea
Sat Jun  1 22:59:29 2024 :: $
Sat Jun  1 22:59:29 2024 ::  Done deities 
Sat Jun  1 22:59:29 2024 :: Loading deities
Sat Jun  1 22:59:29 2024 :: Loading councils...
Sat Jun  1 22:59:29 2024 :: $
Sat Jun  1 22:59:29 2024 ::  Done councils 
Sat Jun  1 22:59:29 2024 :: Loading watches
Sat Jun  1 22:59:29 2024 :: Loading bans
Sat Jun  1 22:59:29 2024 :: Done.
Sat Jun  1 22:59:29 2024 :: Loading reserved names
Sat Jun  1 22:59:29 2024 :: Loading Immortal Hosts
Sat Jun  1 22:59:29 2024 :: Done.
Sat Jun  1 22:59:29 2024 :: Loading Projects
Sat Jun  1 22:59:29 2024 :: Loading Morphs
Sat Jun  1 22:59:29 2024 :: Optimizing Morphs.
Sat Jun  1 22:59:29 2024 :: Done.
Sat Jun  1 22:59:29 2024 :: Awakening Questmaster
Sat Jun  1 22:59:29 2024 :: Loading Scoreboards
Sat Jun  1 22:59:29 2024 :: Initializing socket
Sat Jun  1 22:59:29 2024 :: House of Ghouls ready at address zeus.cybercitizen.net on port 6767.
Sat Jun  1 22:59:36 2024 :: Sock.sinaddr:  73.232.238.119, port -4018.
Sat Jun  1 22:59:36 2024 :: Preloading player data for: Pain (155K)
Sat Jun  1 22:59:39 2024 :: Loading player data for: Pain (155K)
Sat Jun  1 22:59:39 2024 :: Pain@73.232.238.119((ident not active)) has connected.
Sat Jun  1 23:06:33 2024 :: [*****] BUG: gallery.are Reset_area: 'M': bad mob vnum 7700.
Sat Jun  1 23:15:36 2024 :: [*****] BUG: gallery.are Reset_area: 'M': bad mob vnum 7700.
Sat Jun  1 23:18:46 2024 :: Log Pain: oinvoke sword
Sat Jun  1 23:18:53 2024 :: Log Pain: oinvoke short
Sat Jun  1 23:19:14 2024 :: Log Pain: force soldier get short
Sat Jun  1 23:20:04 2024 :: Log Pain: oinvoke short
Sat Jun  1 23:20:10 2024 :: Log Pain: slay sold
Sat Jun  1 23:20:14 2024 :: Log Pain: slay sold
Sat Jun  1 23:20:17 2024 :: Log Pain: slay sold
Sat Jun  1 23:20:24 2024 :: Log Pain: restore sold
Sat Jun  1 23:20:29 2024 :: Log Pain: restore sold
Sat Jun  1 23:20:42 2024 :: Log Pain: restore sold
Sat Jun  1 23:20:49 2024 :: Log Pain: restore sold
Sat Jun  1 23:20:58 2024 :: Log Pain: restore sold
Sat Jun  1 23:21:14 2024 :: Log Pain: restore sold
Sat Jun  1 23:21:33 2024 :: Log Pain: restore self
Sat Jun  1 23:21:34 2024 :: Log Pain: restore sold
Sat Jun  1 23:21:52 2024 :: Log Pain: sset pain parry 0
Sat Jun  1 23:21:57 2024 :: Log Pain: restore sold
Sat Jun  1 23:22:07 2024 :: Log Pain: restore self
Sat Jun  1 23:22:13 2024 :: Log Pain: restore sold
Sat Jun  1 23:22:32 2024 :: Log Pain: restore sold
Sat Jun  1 23:22:42 2024 :: Log Pain: restore sold
Sat Jun  1 23:23:03 2024 :: Log Pain: sset pain dodge 0
Sat Jun  1 23:23:07 2024 :: Log Pain: sset pain tumble 0
Sat Jun  1 23:23:09 2024 :: Log Pain: restore sold
Sat Jun  1 23:23:10 2024 :: Log Pain: restore self
Sat Jun  1 23:24:17 2024 :: Log Pain: sset pain all 100
Sat Jun  1 23:24:38 2024 :: [*****] BUG: gallery.are Reset_area: 'M': bad mob vnum 7700.
Sat Jun  1 23:33:41 2024 :: [*****] BUG: gallery.are Reset_area: 'M': bad mob vnum 7700.
Sat Jun  1 23:43:45 2024 :: [*****] BUG: gallery.are Reset_area: 'M': bad mob vnum 7700.
Sat Jun  1 23:53:48 2024 :: [*****] BUG: gallery.are Reset_area: 'M': bad mob vnum 7700.
Sat Jun  1 23:56:56 2024 :: Sock.sinaddr:  73.232.238.119, port -3697.
Sat Jun  1 23:57:41 2024 :: Balorax@73.232.238.119 new Sea-Elf Warrior-Jester.
Sat Jun  1 23:57:46 2024 :: Log Master Headmaster Eganrac: mpadvance 0.Balorax 2
Sat Jun  1 23:57:49 2024 :: Log Pain: transfer balorax
Sat Jun  1 23:57:54 2024 :: Log Pain: mset balorax str 18
Sat Jun  1 23:58:01 2024 :: Log Pain: mset balorax int 16
Sat Jun  1 23:58:03 2024 :: Log Pain: mset balorax wis 16
Sat Jun  1 23:58:15 2024 :: Log Pain: mset balorax con 19
Sat Jun  1 23:58:21 2024 :: Log Pain: mset balorax lck 21
Sat Jun  1 23:59:30 2024 :: Log Pain: oset light affect affected iceshield
Sun Jun  2 00:00:00 2024 :: Log Pain: oset sur affect affected detect_invis
Sun Jun  2 00:00:07 2024 :: Log Pain: oset sur affect affected flying
Sun Jun  2 00:00:20 2024 :: Log Pain: oset glasses affect affected fireshield
Sun Jun  2 00:00:26 2024 :: Log Pain: oset glasses affect hitroll 5
Sun Jun  2 00:00:40 2024 :: Log Pain: oset arm affect affected shockshield
Sun Jun  2 00:00:47 2024 :: Log Pain: oset arm affect affected sanctuary
Sun Jun  2 00:01:24 2024 :: Log Pain: oset neck affect hitroll 4
Sun Jun  2 00:01:31 2024 :: Log Pain: oset necklace affect damroll 6
Sun Jun  2 00:01:50 2024 :: [*****] BUG: gallery.are Reset_area: 'M': bad mob vnum 7700.
Sun Jun  2 00:02:29 2024 :: Log Pain: make balorax wear all
Sun Jun  2 00:02:34 2024 :: Log Pain: force balorax wear all
Sun Jun  2 00:03:09 2024 :: Log Pain: oset bracelet affect affected aqua_breath
Sun Jun  2 00:03:52 2024 :: Log Pain: force balorax wear all
Sun Jun  2 00:04:41 2024 :: Log Pain: oinvoke aeris
Sun Jun  2 00:06:11 2024 :: Log Pain: oset coral affect hitroll 5
Sun Jun  2 00:06:18 2024 :: Log Pain: oset coral affect damroll 6
Sun Jun  2 00:06:20 2024 :: Log Pain: oset coral affect damroll 2
Sun Jun  2 00:06:33 2024 :: Log Pain: force bal wear all
Sun Jun  2 00:06:49 2024 :: Log Pain: oset shoes affect damroll 6
Sun Jun  2 00:06:52 2024 :: Log Pain: oset shoes affect damroll 4
Sun Jun  2 00:06:55 2024 :: Log Pain: oset shoes affect hitroll 2
Sun Jun  2 00:07:08 2024 :: Log Pain: oset gloves affect damroll 4
Sun Jun  2 00:07:12 2024 :: Log Pain: oset gloves affect hitroll 5
Sun Jun  2 00:07:14 2024 :: Log Pain: oset gloves affect hitroll 6
Sun Jun  2 00:07:25 2024 :: Log Pain: force bal wear all
Sun Jun  2 00:08:45 2024 :: Log Pain: force bal wear all
Sun Jun  2 00:09:33 2024 :: Log Pain: oset amulet affect hitroll 6
Sun Jun  2 00:09:41 2024 :: Log Pain: oset amulet affect hit 50
Sun Jun  2 00:09:47 2024 :: Log Pain: force bal wear all
Sun Jun  2 00:09:53 2024 :: [*****] BUG: gallery.are Reset_area: 'M': bad mob vnum 7700.
Sun Jun  2 00:10:20 2024 :: Log Pain: oset halo affect hitroll 5
Sun Jun  2 00:10:31 2024 :: Log Pain: oset halo affect damroll 6
Sun Jun  2 00:10:35 2024 :: Log Pain: oset halo affect hit 45
Sun Jun  2 00:10:56 2024 :: Log Pain: oset ear affect damroll 6
Sun Jun  2 00:11:18 2024 :: Log Pain: advance balorax 50
Sun Jun  2 00:11:22 2024 :: Log Pain: sset balorax all 100
Sun Jun  2 00:11:27 2024 :: Log Pain: sset balorax riposte 95
Sun Jun  2 00:14:19 2024 :: Log Pain: restore all
Sun Jun  2 00:14:22 2024 :: Log Pain: restore bal
Sun Jun  2 00:16:43 2024 :: Log Pain: transfer bal
Sun Jun  2 00:16:47 2024 :: Log Pain: slay jel
Sun Jun  2 00:16:49 2024 :: Log Pain: transfer balorax
Sun Jun  2 00:16:56 2024 :: Log Pain: sset balorax starcloak 100
Sun Jun  2 00:17:02 2024 :: Log Pain: sset balorax willpower 100
Sun Jun  2 00:17:06 2024 :: Log Pain: sset balorax windwalk 100
Sun Jun  2 00:17:19 2024 :: Log Pain: sset balorax bladesong 100
Sun Jun  2 00:17:23 2024 :: Log Pain: sset balorax bloodsong 100
Sun Jun  2 00:17:42 2024 :: Log Pain: sset balorax concentrate 100
Sun Jun  2 00:17:49 2024 :: Log Pain: sset balorax 'astral rift' 100
Sun Jun  2 00:18:51 2024 :: Log Pain: retran bal
Sun Jun  2 00:19:56 2024 :: [*****] BUG: gallery.are Reset_area: 'M': bad mob vnum 7700.
Sun Jun  2 00:21:58 2024 :: Log Pain: transfer bal
Sun Jun  2 00:22:02 2024 :: Log Pain: transfer balorax
Sun Jun  2 00:22:06 2024 :: Log Pain: slay jelly
Sun Jun  2 00:22:12 2024 :: Balorax has quit.
Sun Jun  2 00:25:39 2024 :: Sock.sinaddr:  73.232.238.119, port -3295.
Sun Jun  2 00:25:40 2024 :: Preloading player data for: Balorax (17K)
Sun Jun  2 00:25:41 2024 :: Loading player data for: Balorax (17K)
Sun Jun  2 00:25:41 2024 :: Balorax@73.232.238.119((ident not active)) has connected.
Sun Jun  2 00:25:56 2024 :: Log Pain: mset
Sun Jun  2 00:26:06 2024 :: Log Pain: mset balorax hp 2619
Sun Jun  2 00:26:20 2024 :: Log Pain: mset balorax mana 1673
Sun Jun  2 00:26:40 2024 :: Log Pain: mset balorax move 2141
Sun Jun  2 00:26:49 2024 :: Log Pain: restore bal
Sun Jun  2 00:26:52 2024 :: Log Pain: restore balorax
Sun Jun  2 00:28:14 2024 :: Balorax has quit.
Sun Jun  2 00:29:00 2024 :: [*****] BUG: gallery.are Reset_area: 'M': bad mob vnum 7700.
Sun Jun  2 00:35:03 2024 :: Log Pain: oinvoke samurai
Sun Jun  2 00:35:29 2024 :: Log Pain: oinvoke shield
Sun Jun  2 00:35:37 2024 :: Log Pain: oinvoke 15038
Sun Jun  2 00:35:43 2024 :: Log Pain: oinvoke 12003
Sun Jun  2 00:36:11 2024 :: Log Pain: oinvoke 12100
Sun Jun  2 00:37:02 2024 :: [*****] BUG: gallery.are Reset_area: 'M': bad mob vnum 7700.
Sun Jun  2 00:37:48 2024 :: Log Pain: sca all
Sun Jun  2 00:39:48 2024 :: Log Pain: oset shoe rmaffect 1
Sun Jun  2 00:39:49 2024 :: Log Pain: oset shoe rmaffect 1
Sun Jun  2 00:39:50 2024 :: Log Pain: oset shoe rmaffect 1
Sun Jun  2 00:39:53 2024 :: Log Pain: oset shoe 
Sun Jun  2 00:40:03 2024 :: Log Pain: oset shoe ac 10
Sun Jun  2 00:40:17 2024 :: Log Pain: oset shoe value0 10
Sun Jun  2 00:40:26 2024 :: Log Pain: oset shoe affect hit 30
Sun Jun  2 00:40:32 2024 :: Log Pain: oset shoe affect hitroll 4
Sun Jun  2 00:40:40 2024 :: Log Pain: oset shoe affect save_para -3
Sun Jun  2 00:41:09 2024 :: Log Pain: oset shoe affect damroll 6
Sun Jun  2 00:41:11 2024 :: Log Pain: oset shoe affect damroll 4
Sun Jun  2 00:41:30 2024 :: Log Pain: oset shoe affect save_spell -2
Sun Jun  2 00:41:55 2024 :: Log Pain: oset wri rmaffect 1
Sun Jun  2 00:41:56 2024 :: Log Pain: oset wri rmaffect 1
Sun Jun  2 00:41:57 2024 :: Log Pain: oset wri rmaffect 1
Sun Jun  2 00:42:07 2024 :: Log Pain: oset wri affect save_para -4
Sun Jun  2 00:42:11 2024 :: Log Pain: oset wri affect save_damage -4
Sun Jun  2 00:42:20 2024 :: Log Pain: oset wri affect save_spell -6
Sun Jun  2 00:42:26 2024 :: Log Pain: oset wri affect hitroll 3
Sun Jun  2 00:42:34 2024 :: Log Pain: oset wri affect hit 45
Sun Jun  2 00:42:46 2024 :: Log Pain: oset wri affect save_para -2
Sun Jun  2 00:43:38 2024 :: Log Pain: oset torch rmaffect 1
Sun Jun  2 00:43:39 2024 :: Log Pain: oset torch rmaffect 1
Sun Jun  2 00:43:40 2024 :: Log Pain: oset torch rmaffect 1
Sun Jun  2 00:43:40 2024 :: Log Pain: oset torch rmaffect 1
Sun Jun  2 00:43:47 2024 :: Log Pain: oset torch affect affected fireshield
Sun Jun  2 00:43:51 2024 :: Log Pain: oset torch affect affected iceshield
Sun Jun  2 00:43:56 2024 :: Log Pain: oset torch affect affected shockshield
Sun Jun  2 00:44:00 2024 :: Log Pain: oset torch affect affected sanctuary
Sun Jun  2 00:44:06 2024 :: Log Pain: oset torch affect affected detect_magic
Sun Jun  2 00:44:21 2024 :: Log Pain: oset torch affect affected aqua_breath
Sun Jun  2 00:44:42 2024 :: Log Pain: oset staff rmaffect 2
Sun Jun  2 00:44:42 2024 :: Log Pain: oset staff rmaffect 2
Sun Jun  2 00:44:49 2024 :: Log Pain: oset staff affect hitroll 5
Sun Jun  2 00:44:56 2024 :: Log Pain: oset staff affect save_spell -4
Sun Jun  2 00:45:11 2024 :: Log Pain: oset staff affect constitution 5
Sun Jun  2 00:45:18 2024 :: Log Pain: oset staff affect strength 6
Sun Jun  2 00:45:25 2024 :: Log Pain: oset staff affect wisdom 4
Sun Jun  2 00:46:04 2024 :: Log Pain: oset pants rmaffect 1
Sun Jun  2 00:46:05 2024 :: Log Pain: oset pants rmaffect 1
Sun Jun  2 00:46:05 2024 :: Log Pain: oset pants rmaffect 1
Sun Jun  2 00:46:05 2024 :: [*****] BUG: gallery.are Reset_area: 'M': bad mob vnum 7700.
Sun Jun  2 00:46:05 2024 :: Log Pain: oset pants rmaffect 1
Sun Jun  2 00:46:06 2024 :: Log Pain: oset pants rmaffect 1
Sun Jun  2 00:46:15 2024 :: Log Pain: oset pants affect hitroll 6
Sun Jun  2 00:46:19 2024 :: Log Pain: oset pants affect damroll 6
Sun Jun  2 00:46:23 2024 :: Log Pain: oset pants affect hit 50
Sun Jun  2 00:46:24 2024 :: Log Pain: oset pants affect hit 50
Sun Jun  2 00:46:31 2024 :: Log Pain: oset pants affect hitroll 2
Sun Jun  2 00:46:36 2024 :: Log Pain: oset pants rmaffect 1
Sun Jun  2 00:46:44 2024 :: Log Pain: oset pants affect save_spell -4
Sun Jun  2 00:47:02 2024 :: Log Pain: oset aeg rmaffect 1
Sun Jun  2 00:47:03 2024 :: Log Pain: oset aeg rmaffect 1
Sun Jun  2 00:47:04 2024 :: Log Pain: oset aeg rmaffect 1
Sun Jun  2 00:47:08 2024 :: Log Pain: oset aeg affect damroll 6
Sun Jun  2 00:47:14 2024 :: Log Pain: oset aeg affect hit 50
Sun Jun  2 00:47:22 2024 :: Log Pain: oset aegis affect intelligence 5
Sun Jun  2 00:47:33 2024 :: Log Pain: oset aegis affect save_damage -3
Sun Jun  2 00:47:42 2024 :: Log Pain: oset aegis affect affected flying
Sun Jun  2 00:47:57 2024 :: Log Pain: oset belt rmaffect 1
Sun Jun  2 00:47:58 2024 :: Log Pain: oset belt rmaffect 1
Sun Jun  2 00:47:58 2024 :: Log Pain: oset belt rmaffect 1
Sun Jun  2 00:47:58 2024 :: Log Pain: oset belt rmaffect 1
Sun Jun  2 00:47:59 2024 :: Log Pain: oset belt rmaffect 1
Sun Jun  2 00:47:59 2024 :: Log Pain: oset belt rmaffect 1
Sun Jun  2 00:48:07 2024 :: Log Pain: oset belt affect hitroll 5
Sun Jun  2 00:48:10 2024 :: Log Pain: oset belt affect hitroll 3
Sun Jun  2 00:48:16 2024 :: Log Pain: oset belt affect mana 35
Sun Jun  2 00:48:22 2024 :: Log Pain: oset belt affect damroll 3
Sun Jun  2 00:48:28 2024 :: Log Pain: oset belt affect hit 25
Sun Jun  2 00:48:37 2024 :: Log Pain: oset belt affect save_spell -4
Sun Jun  2 00:48:55 2024 :: Log Pain: oset moon rmaffect 1
Sun Jun  2 00:48:56 2024 :: Log Pain: oset moon rmaffect 1
Sun Jun  2 00:49:02 2024 :: Log Pain: oset belt affect dexterity 6
Sun Jun  2 00:49:14 2024 :: Log Pain: oset moon affect dexterity 6
Sun Jun  2 00:49:19 2024 :: Log Pain: oset moon affect damroll 6
Sun Jun  2 00:49:32 2024 :: Log Pain: oset moon affect save_para -4
Sun Jun  2 00:49:57 2024 :: Log Pain: oset ank rmaffect 1
Sun Jun  2 00:49:59 2024 :: Log Pain: oset ank rmaffect 2
Sun Jun  2 00:50:05 2024 :: Log Pain: oset ank affect hitroll 4
Sun Jun  2 00:50:11 2024 :: Log Pain: oset ank affect hit 30
Sun Jun  2 00:50:17 2024 :: Log Pain: oset ank affect damroll 5
Sun Jun  2 00:50:21 2024 :: Log Pain: oset ank affect hitroll 4
Sun Jun  2 00:50:30 2024 :: Log Pain: oset ank affect save_para -2
Sun Jun  2 00:52:26 2024 :: Log Pain: oset cloak rmaffect 2
Sun Jun  2 00:52:30 2024 :: Log Pain: oset cloak flags antineutral
Sun Jun  2 00:52:35 2024 :: Log Pain: oset cloak affect hitroll 3
Sun Jun  2 00:52:45 2024 :: Log Pain: oset cloak affect save_spell -4
Sun Jun  2 00:52:51 2024 :: Log Pain: oset cloak affect hit 40
Sun Jun  2 00:52:55 2024 :: Log Pain: oset cloak affect mana 25
Sun Jun  2 00:53:29 2024 :: Log Pain: oset ank rmaffect 2
Sun Jun  2 00:53:37 2024 :: Log Pain: oset ank affect charisma 4
Sun Jun  2 00:53:43 2024 :: Log Pain: oset ank affect hit 45
Sun Jun  2 00:53:49 2024 :: Log Pain: oset ank affect hitroll 2
Sun Jun  2 00:53:53 2024 :: Log Pain: oset ank affect damroll 5
Sun Jun  2 00:54:08 2024 :: [*****] BUG: gallery.are Reset_area: 'M': bad mob vnum 7700.
Sun Jun  2 00:54:13 2024 :: Log Pain: oset arm rmaffect 4
Sun Jun  2 00:54:17 2024 :: Log Pain: oset arm affect hitroll 4
Sun Jun  2 00:54:19 2024 :: Log Pain: oset arm affect hitroll 3
Sun Jun  2 00:54:49 2024 :: Log Pain: oset bang rmaffect 1
Sun Jun  2 00:54:50 2024 :: Log Pain: oset bang rmaffect 1
Sun Jun  2 00:54:51 2024 :: Log Pain: oset bang rmaffect 1
Sun Jun  2 00:54:52 2024 :: Log Pain: oset bang rmaffect 1
Sun Jun  2 00:54:58 2024 :: Log Pain: oset bangle affect save_spell -6
Sun Jun  2 00:55:00 2024 :: Log Pain: oset bangle affect save_spell -3
Sun Jun  2 00:55:08 2024 :: Log Pain: oset bang affect hitroll 6
Sun Jun  2 00:55:10 2024 :: Log Pain: oset bang affect hitroll 4
Sun Jun  2 00:55:11 2024 :: Log Pain: oset bang affect hitroll 1
Sun Jun  2 00:55:33 2024 :: Log Pain: oset band rmaffect 1
Sun Jun  2 00:55:34 2024 :: Log Pain: oset band rmaffect 1
Sun Jun  2 00:55:34 2024 :: Log Pain: oset band rmaffect 1
Sun Jun  2 00:55:35 2024 :: Log Pain: oset band rmaffect 1
Sun Jun  2 00:55:42 2024 :: Log Pain: oset band affect constitution 3
Sun Jun  2 00:55:48 2024 :: Log Pain: oset band affect dexterity 3
Sun Jun  2 00:55:53 2024 :: Log Pain: oset band affect hit 50
Sun Jun  2 00:56:04 2024 :: Log Pain: oset band affect save_spell -3
Sun Jun  2 00:56:10 2024 :: Log Pain: oset band affect damroll 5
Sun Jun  2 00:56:24 2024 :: Log Pain: oset band rmaffect 4
Sun Jun  2 00:56:25 2024 :: Log Pain: oset band rmaffect 4
Sun Jun  2 00:56:29 2024 :: Log Pain: oset band affect damroll 6
Sun Jun  2 00:56:31 2024 :: Log Pain: oset band affect save_spell -3
Sun Jun  2 00:56:35 2024 :: Log Pain: oset band affect damroll 5
Sun Jun  2 00:57:13 2024 :: Log Pain: oset hat affect hit 50
Sun Jun  2 00:57:17 2024 :: Log Pain: oset hat affect damroll 5
Sun Jun  2 00:57:23 2024 :: Log Pain: oset hat affect hitroll 3
Sun Jun  2 00:57:30 2024 :: Log Pain: oset hat affect hit 50
Sun Jun  2 00:58:03 2024 :: Log Pain: oset mask rmaffect 1
Sun Jun  2 00:58:04 2024 :: Log Pain: oset mask rmaffect 1
Sun Jun  2 00:58:04 2024 :: Log Pain: oset mask rmaffect 1
Sun Jun  2 00:58:09 2024 :: Log Pain: oset mask affect save_spell -6
Sun Jun  2 00:58:14 2024 :: Log Pain: oset mask affect damroll 6
Sun Jun  2 00:58:18 2024 :: Log Pain: oset mask affect hitroll 3
Sun Jun  2 00:58:23 2024 :: Log Pain: oset mask affect save_damage -3
Sun Jun  2 00:58:30 2024 :: Log Pain: oset mask affect save_para -4
Sun Jun  2 00:59:02 2024 :: Log Pain: oset blood rmaffect 1
Sun Jun  2 00:59:03 2024 :: Log Pain: oset blood rmaffect 1
Sun Jun  2 00:59:08 2024 :: Log Pain: oset blood affect hitroll 5
Sun Jun  2 00:59:12 2024 :: Log Pain: oset blood affect hit 50
Sun Jun  2 00:59:15 2024 :: Log Pain: oset blood affect hit 35
Sun Jun  2 00:59:23 2024 :: Log Pain: oset blood affect damroll 3
Sun Jun  2 00:59:28 2024 :: Log Pain: oset blood affect save_spell -4
Sun Jun  2 00:59:48 2024 :: Log Pain: oset tun rmaffect 2
Sun Jun  2 00:59:53 2024 :: Log Pain: oset tunic affect hit 50
Sun Jun  2 00:59:56 2024 :: Log Pain: oset tunic affect hit 25
Sun Jun  2 01:00:09 2024 :: Log Pain: oset tunic affect save_para -6
Sun Jun  2 01:00:13 2024 :: Log Pain: oset tunic affect save_spell -6
Sun Jun  2 01:00:22 2024 :: Log Pain: oset tunic affect save_damage -4
Sun Jun  2 01:00:55 2024 :: Log Pain: oset chain rmaffect 1
Sun Jun  2 01:00:56 2024 :: Log Pain: oset chain rmaffect 1
Sun Jun  2 01:01:02 2024 :: Log Pain: oset chain affect damroll 6
Sun Jun  2 01:01:07 2024 :: Log Pain: oset chain affect hit 45
Sun Jun  2 01:01:14 2024 :: Log Pain: oset chain affect save_para -3
Sun Jun  2 01:01:19 2024 :: Log Pain: oset chain affect hitroll 3
Sun Jun  2 01:01:23 2024 :: Log Pain: oset chain affect hit 20
Sun Jun  2 01:01:47 2024 :: Log Pain: oset band affect save_spell -4
Sun Jun  2 01:02:10 2024 :: [*****] BUG: gallery.are Reset_area: 'M': bad mob vnum 7700.
Sun Jun  2 01:02:15 2024 :: Log Pain: oset overoat affect hitroll 4
Sun Jun  2 01:02:22 2024 :: Log Pain: oset over affect hitroll 4
Sun Jun  2 01:02:28 2024 :: Log Pain: oset overc affect hit 25
Sun Jun  2 01:02:33 2024 :: Log Pain: oset overc affect damroll 5
Sun Jun  2 01:03:09 2024 :: Log Pain: oset amu rmaffect 1
Sun Jun  2 01:03:10 2024 :: Log Pain: oset amu rmaffect 1
Sun Jun  2 01:03:11 2024 :: Log Pain: oset amu rmaffect 1
Sun Jun  2 01:03:11 2024 :: Log Pain: oset amu rmaffect 1
Sun Jun  2 01:03:25 2024 :: Log Pain: oset amu affect damroll 5
Sun Jun  2 01:03:31 2024 :: Log Pain: oset amu affect hitroll 3
Sun Jun  2 01:03:37 2024 :: Log Pain: oset amu affect hit 45
Sun Jun  2 01:03:41 2024 :: Log Pain: oset amu affect damroll 4
Sun Jun  2 01:03:49 2024 :: Log Pain: oset amu affect save_spell -4
Sun Jun  2 01:04:22 2024 :: Log Pain: oset glass rmaffect 1
Sun Jun  2 01:04:23 2024 :: Log Pain: oset glass rmaffect 1
Sun Jun  2 01:04:25 2024 :: Log Pain: oset glass rmaffect 1
Sun Jun  2 01:04:25 2024 :: Log Pain: oset glass rmaffect 1
Sun Jun  2 01:04:26 2024 :: Log Pain: oset glass rmaffect 1
Sun Jun  2 01:04:31 2024 :: Log Pain: oset glass affect hitroll 4
Sun Jun  2 01:04:37 2024 :: Log Pain: oset glass affect damroll 6
Sun Jun  2 01:04:42 2024 :: Log Pain: oset glass affect mana 45
Sun Jun  2 01:04:47 2024 :: Log Pain: oset glass affect save_spell -6
Sun Jun  2 01:04:49 2024 :: Log Pain: oset glass affect save_spell -4
Sun Jun  2 01:05:16 2024 :: Log Pain: oset glass rmaffect 1
Sun Jun  2 01:05:17 2024 :: Log Pain: oset glass rmaffect 1
Sun Jun  2 01:05:20 2024 :: Log Pain: oset glass affect save_spell -4
Sun Jun  2 01:05:25 2024 :: Log Pain: oset glass affect damroll 6
Sun Jun  2 01:05:29 2024 :: Log Pain: oset glass affect hitroll 4
Sun Jun  2 01:05:33 2024 :: Log Pain: oset glass affect mana 45
Sun Jun  2 01:05:37 2024 :: Log Pain: oset glass affect save_spell -6
Sun Jun  2 01:05:58 2024 :: Sock.sinaddr:  73.232.238.119, port -3156.
Sun Jun  2 01:05:59 2024 :: Preloading player data for: Balorax (17K)
Sun Jun  2 01:06:00 2024 :: Loading player data for: Balorax (17K)
Sun Jun  2 01:06:00 2024 :: Balorax@73.232.238.119((ident not active)) has connected.
Sun Jun  2 01:06:08 2024 :: Log Pain: transfer balorax
Sun Jun  2 01:07:50 2024 :: Log Pain: oset ear rmaffect 2
Sun Jun  2 01:07:51 2024 :: Log Pain: oset ear rmaffect 2
Sun Jun  2 01:08:06 2024 :: Log Pain: oset ear affect strength 4
Sun Jun  2 01:08:34 2024 :: Log Pain: oset ear affect affected sneak
Sun Jun  2 01:08:41 2024 :: Log Pain: oset ear affect damroll 6
Sun Jun  2 01:08:43 2024 :: Log Pain: oset ear affect damroll 5
Sun Jun  2 01:08:50 2024 :: Log Pain: oset ear affect save_para -6
Sun Jun  2 01:10:13 2024 :: [*****] BUG: gallery.are Reset_area: 'M': bad mob vnum 7700.
Sun Jun  2 01:10:20 2024 :: Log Pain: oset glove rmaffect 1
Sun Jun  2 01:10:21 2024 :: Log Pain: oset glove rmaffect 1
Sun Jun  2 01:10:24 2024 :: Log Pain: oset glove rmaffect 1
Sun Jun  2 01:10:50 2024 :: Log Pain: oset glove affect save_para -6
Sun Jun  2 01:10:52 2024 :: Log Pain: oset glove affect save_para -5
Sun Jun  2 01:10:57 2024 :: Log Pain: oset gloves affect damroll 6
Sun Jun  2 01:10:59 2024 :: Log Pain: oset gloves affect damroll 3
Sun Jun  2 01:11:01 2024 :: Log Pain: oset gloves affect damroll 2
Sun Jun  2 01:12:19 2024 :: Log Pain: transfer balorax
Sun Jun  2 01:12:55 2024 :: Log Pain: oinvoke aeries
Sun Jun  2 01:12:58 2024 :: Log Pain: oinvoke aeris
Sun Jun  2 01:14:43 2024 :: Balorax has quit.
Sun Jun  2 01:18:15 2024 :: [*****] BUG: gallery.are Reset_area: 'M': bad mob vnum 7700.
Sun Jun  2 01:22:51 2024 :: Sock.sinaddr:  73.232.238.119, port -3040.
Sun Jun  2 01:22:52 2024 :: Preloading player data for: Balorax (19K)
Sun Jun  2 01:22:53 2024 :: Loading player data for: Balorax (19K)
Sun Jun  2 01:22:53 2024 :: Balorax@73.232.238.119((ident not active)) has connected.
Sun Jun  2 01:23:16 2024 :: Log Pain: oinvoke 4322
Sun Jun  2 01:23:30 2024 :: Log Pain: oinvoke 4322
Sun Jun  2 01:26:03 2024 :: Balorax has quit.
Sun Jun  2 01:27:19 2024 :: [*****] BUG: gallery.are Reset_area: 'M': bad mob vnum 7700.
Sun Jun  2 01:37:22 2024 :: [*****] BUG: gallery.are Reset_area: 'M': bad mob vnum 7700.
Sun Jun  2 01:46:25 2024 :: [*****] BUG: gallery.are Reset_area: 'M': bad mob vnum 7700.
Sun Jun  2 01:55:28 2024 :: [*****] BUG: gallery.are Reset_area: 'M': bad mob vnum 7700.
Sun Jun  2 02:03:30 2024 :: [*****] BUG: gallery.are Reset_area: 'M': bad mob vnum 7700.
Sun Jun  2 02:12:34 2024 :: [*****] BUG: gallery.are Reset_area: 'M': bad mob vnum 7700.
Sun Jun  2 02:20:37 2024 :: [*****] BUG: gallery.are Reset_area: 'M': bad mob vnum 7700.
Sun Jun  2 02:28:39 2024 :: [*****] BUG: gallery.are Reset_area: 'M': bad mob vnum 7700.
Sun Jun  2 02:29:12 2024 :: Sock.sinaddr:  68.2.73.137, port -7988.
Sun Jun  2 02:29:17 2024 :: Preloading player data for: Luck (31K)
Sun Jun  2 02:29:19 2024 :: Loading player data for: Luck (31K)
Sun Jun  2 02:29:19 2024 :: Luck@68.2.73.137((ident not active)) has connected.
Sun Jun  2 02:38:44 2024 :: [*****] BUG: gallery.are Reset_area: 'M': bad mob vnum 7700.
Sun Jun  2 02:47:47 2024 :: [*****] BUG: gallery.are Reset_area: 'M': bad mob vnum 7700.
Sun Jun  2 02:50:41 2024 :: Luck has quit.
Sun Jun  2 02:55:51 2024 :: [*****] BUG: gallery.are Reset_area: 'M': bad mob vnum 7700.
Sun Jun  2 03:03:53 2024 :: [*****] BUG: gallery.are Reset_area: 'M': bad mob vnum 7700.
Sun Jun  2 03:11:55 2024 :: [*****] BUG: gallery.are Reset_area: 'M': bad mob vnum 7700.
Sun Jun  2 03:21:59 2024 :: [*****] BUG: gallery.are Reset_area: 'M': bad mob vnum 7700.
Sun Jun  2 03:30:02 2024 :: [*****] BUG: gallery.are Reset_area: 'M': bad mob vnum 7700.
Sun Jun  2 03:39:05 2024 :: [*****] BUG: gallery.are Reset_area: 'M': bad mob vnum 7700.
Sun Jun  2 03:49:08 2024 :: [*****] BUG: gallery.are Reset_area: 'M': bad mob vnum 7700.
Sun Jun  2 03:59:12 2024 :: [*****] BUG: gallery.are Reset_area: 'M': bad mob vnum 7700.
Sun Jun  2 04:09:15 2024 :: [*****] BUG: gallery.are Reset_area: 'M': bad mob vnum 7700.
Sun Jun  2 04:19:18 2024 :: [*****] BUG: gallery.are Reset_area: 'M': bad mob vnum 7700.
Sun Jun  2 04:27:21 2024 :: [*****] BUG: gallery.are Reset_area: 'M': bad mob vnum 7700.
Sun Jun  2 04:35:24 2024 :: [*****] BUG: gallery.are Reset_area: 'M': bad mob vnum 7700.
Sun Jun  2 04:36:46 2024 :: Log Pain: oinvoke grazd
Sun Jun  2 04:36:49 2024 :: Log Pain: oinvoke dragonskin
Sun Jun  2 04:36:51 2024 :: Log Pain: oinvoke powder
Sun Jun  2 04:45:27 2024 :: [*****] BUG: gallery.are Reset_area: 'M': bad mob vnum 7700.
Sun Jun  2 04:55:31 2024 :: [*****] BUG: gallery.are Reset_area: 'M': bad mob vnum 7700.
Sun Jun  2 05:03:33 2024 :: [*****] BUG: gallery.are Reset_area: 'M': bad mob vnum 7700.
Sun Jun  2 05:11:36 2024 :: [*****] BUG: gallery.are Reset_area: 'M': bad mob vnum 7700.
Sun Jun  2 05:19:38 2024 :: [*****] BUG: gallery.are Reset_area: 'M': bad mob vnum 7700.
Sun Jun  2 05:29:42 2024 :: [*****] BUG: gallery.are Reset_area: 'M': bad mob vnum 7700.
Sun Jun  2 05:39:45 2024 :: [*****] BUG: gallery.are Reset_area: 'M': bad mob vnum 7700.
Sun Jun  2 05:48:49 2024 :: [*****] BUG: gallery.are Reset_area: 'M': bad mob vnum 7700.
Sun Jun  2 05:57:52 2024 :: [*****] BUG: gallery.are Reset_area: 'M': bad mob vnum 7700.
Sun Jun  2 06:04:01 2024 :: Sock.sinaddr:  68.2.73.137, port -7504.
Sun Jun  2 06:04:03 2024 :: Preloading player data for: Luck (30K)
Sun Jun  2 06:04:03 2024 :: Loading player data for: Luck (30K)
Sun Jun  2 06:04:03 2024 :: Luck@68.2.73.137((ident not active)) has connected.
Sun Jun  2 06:07:55 2024 :: [*****] BUG: gallery.are Reset_area: 'M': bad mob vnum 7700.
Sun Jun  2 06:18:01 2024 :: [*****] BUG: gallery.are Reset_area: 'M': bad mob vnum 7700.
Sun Jun  2 06:20:32 2024 :: [*****] BUG: Affect_modify: unknown location 82.
Sun Jun  2 06:20:34 2024 :: [*****] BUG: Affect_modify: unknown location 82.
Sun Jun  2 06:20:34 2024 :: [*****] BUG: Affect_modify: unknown location 82.
Sun Jun  2 06:20:50 2024 :: [*****] BUG: Affect_modify: unknown location 82.
Sun Jun  2 06:21:46 2024 :: Log Pain: oinvoke daot
Sun Jun  2 06:24:42 2024 :: Log Pain: oinvoke 12003
Sun Jun  2 06:26:39 2024 :: Log Pain: oset leg affect ac -2000
Sun Jun  2 06:26:46 2024 :: Log Pain: oset leg affect armor -2000
Sun Jun  2 06:28:05 2024 :: [*****] BUG: gallery.are Reset_area: 'M': bad mob vnum 7700.
Sun Jun  2 06:28:52 2024 :: Log Pain: oinvoke daot
Sun Jun  2 06:29:00 2024 :: [*****] BUG: Affect_modify: unknown location 82.
Sun Jun  2 06:29:00 2024 :: [*****] BUG: Affect_modify: unknown location 82.
Sun Jun  2 06:29:01 2024 :: [*****] BUG: Affect_modify: unknown location 82.
Sun Jun  2 06:29:02 2024 :: [*****] BUG: Affect_modify: unknown location 82.
Sun Jun  2 06:32:58 2024 :: [*****] BUG: Affect_modify: unknown location 82.
Sun Jun  2 06:33:00 2024 :: [*****] BUG: Affect_modify: unknown location 82.
Sun Jun  2 06:34:45 2024 :: [*****] BUG: Affect_modify: unknown location 82.
Sun Jun  2 06:37:01 2024 :: [*****] BUG: Affect_modify: unknown location 82.
Sun Jun  2 06:37:09 2024 :: [*****] BUG: gallery.are Reset_area: 'M': bad mob vnum 7700.
Sun Jun  2 06:44:01 2024 :: [*****] BUG: Affect_modify: unknown location 82.
Sun Jun  2 06:44:05 2024 :: [*****] BUG: Affect_modify: unknown location 82.
Sun Jun  2 06:44:05 2024 :: [*****] BUG: Affect_modify: unknown location 82.
Sun Jun  2 06:44:13 2024 :: [*****] BUG: Affect_modify: unknown location 82.
Sun Jun  2 06:44:13 2024 :: [*****] BUG: Affect_modify: unknown location 82.
Sun Jun  2 06:44:16 2024 :: [*****] BUG: Affect_modify: unknown location 82.
Sun Jun  2 06:44:16 2024 :: [*****] BUG: Affect_modify: unknown location 82.
Sun Jun  2 06:44:40 2024 :: [*****] BUG: Affect_modify: unknown location 82.
Sun Jun  2 06:46:13 2024 :: [*****] BUG: gallery.are Reset_area: 'M': bad mob vnum 7700.
Sun Jun  2 06:49:07 2024 :: Log Pain: force all save
Sun Jun  2 06:49:09 2024 :: Log Pain: shutdown mud now
Sun Jun  2 06:49:10 2024 :: Normal termination of game.
Sun Jun  2 06:49:10 2024 :: Closing Lua.
Mud-wide Lua module started up.
