SITE
70.152.238.44~
65 1 1159457683 0 0 0
Darwin~
Wed Sep 27 09:34:43 2006~
Slue

~
SITE
83.135.81.66~
65 365 1202084930 0 0 0
Medea~
Sat Feb  3 16:28:50 2007~
Krom/Louis Wu

~
SITE
show~
0 -1 -1 0 0 0
Darwin~
Mon Feb  5 23:23:01 2007~
~
SITE
72.146.103.230~
1 365 1203045299 0 0 0
Medea~
Wed Feb 14 19:14:59 2007~
This is Helo's IP

~
SITE
66.67.154.160~
1 365 1203295465 0 0 0
Medea~
Sat Feb 17 16:44:25 2007~
Helo's home address

~
SITE
71.127.178.67~
65 1 1187479709 0 0 0
Darwin~
Fri Aug 17 18:28:29 2007~
Multiplaying
~
SITE
4.157.50.~
65 -1 -1 0 1 0
Darwin~
Fri Sep 14 22:33:21 2007~
Helo
~
SITE
71.126.20.193~
65 -1 -1 0 0 0
Medea~
Tue Oct 14 17:09:02 2008~
helo

~
SITE
83.135.129.195~
65 -1 -1 0 0 0
Darwin~
Fri Oct 24 21:35:10 2008~
krom idiot
~
SITE
83.135.155.29~
65 -1 -1 0 0 0
Medea~
Wed Dec  3 21:40:36 2008~
krom
~
SITE
89.244.201.60~
65 -1 -1 0 0 0
Medea~
Tue Dec 23 21:18:00 2008~
krom again
~
SITE
89.244.236.29~
65 -1 -1 0 0 0
Medea~
Tue Dec 23 21:35:55 2008~
krom again
~
SITE
89.244.248.228~
65 -1 -1 0 0 0
Medea~
Tue Dec 23 21:44:57 2008~
krom
~
SITE
89.244.211.4~
65 -1 -1 0 0 0
Medea~
Fri Feb 20 20:32:38 2009~
krom
~
CLASS
Bishop~
1 -1 -1 0
Drazuk~
Sun Mar 13 10:22:13 2005~
Tiered Class

~
CLASS
Rogue~
1 -1 -1 0
Drazuk~
Sun Mar 13 10:22:25 2005~
Tiered Class

~
CLASS
Archmagi~
1 -1 -1 0
Drazuk~
Sun Mar 13 10:22:46 2005~
Tiered Class

~
CLASS
Champion~
1 -1 -1 0
Drazuk~
Sun May 15 10:09:55 2005~
cuz

~
END
